0 info it worked if it ends with ok
1 verbose cli [ 'C:\\Program Files\\nodejs\\node.exe',
1 verbose cli   'C:\\Program Files\\nodejs\\node_modules\\npm\\bin\\npm-cli.js',
1 verbose cli   'start' ]
2 info using npm@4.0.5
3 info using node@v7.4.0
4 verbose run-script [ 'prestart', 'start', 'poststart' ]
5 info lifecycle onlinevehicleservice@0.0.0~prestart: onlinevehicleservice@0.0.0
6 silly lifecycle onlinevehicleservice@0.0.0~prestart: no script for prestart, continuing
7 info lifecycle onlinevehicleservice@0.0.0~start: onlinevehicleservice@0.0.0
8 verbose lifecycle onlinevehicleservice@0.0.0~start: unsafe-perm in lifecycle true
9 verbose lifecycle onlinevehicleservice@0.0.0~start: PATH: C:\Program Files\nodejs\node_modules\npm\bin\node-gyp-bin;C:\Users\gokul\Desktop\New folder\2019-projects\html\CARBIKESHOWROOMMANAGEMENT\node_modules\.bin;C:\Program Files (x86)\Common Files\Oracle\Java\javapath;C:\ProgramData\Oracle\Java\javapath;C:\PROGRAM FILES (X86)\INTEL\ICLS CLIENT\;C:\PROGRAM FILES\INTEL\ICLS CLIENT\;C:\windows\SYSTEM32;C:\windows;C:\windows\SYSTEM32\WBEM;G:\XAMPP\PHP;C:\PROGRAM FILES\TORTOISEGIT\BIN;C:\PROGRAM FILES\GIT\CMD;C:\PROGRAM FILES\INTEL\INTEL(R) MANAGEMENT ENGINE COMPONENTS\DAL;C:\PROGRAM FILES\INTEL\INTEL(R) MANAGEMENT ENGINE COMPONENTS\IPT;C:\PROGRAM FILES (X86)\INTEL\INTEL(R) MANAGEMENT ENGINE COMPONENTS\DAL;C:\PROGRAM FILES (X86)\INTEL\INTEL(R) MANAGEMENT ENGINE COMPONENTS\IPT;C:\Program Files\nodejs\;C:\Program Files (x86)\Yarn\bin;C:\windows\System32\WindowsPowerShell\v1.0\;G:\Curl\curl\bin;
10 verbose lifecycle onlinevehicleservice@0.0.0~start: CWD: C:\Users\gokul\Desktop\New folder\2019-projects\html\CARBIKESHOWROOMMANAGEMENT
11 silly lifecycle onlinevehicleservice@0.0.0~start: Args: [ '/d /s /c', 'node ./bin/www' ]
12 silly lifecycle onlinevehicleservice@0.0.0~start: Returned: code: 3221225786  signal: null
13 info lifecycle onlinevehicleservice@0.0.0~start: Failed to exec start script
14 verbose stack Error: onlinevehicleservice@0.0.0 start: `node ./bin/www`
14 verbose stack Exit status 3221225786
14 verbose stack     at EventEmitter.<anonymous> (C:\Program Files\nodejs\node_modules\npm\lib\utils\lifecycle.js:279:16)
14 verbose stack     at emitTwo (events.js:106:13)
14 verbose stack     at EventEmitter.emit (events.js:191:7)
14 verbose stack     at ChildProcess.<anonymous> (C:\Program Files\nodejs\node_modules\npm\lib\utils\spawn.js:40:14)
14 verbose stack     at emitTwo (events.js:106:13)
14 verbose stack     at ChildProcess.emit (events.js:191:7)
14 verbose stack     at maybeClose (internal/child_process.js:885:16)
14 verbose stack     at Process.ChildProcess._handle.onexit (internal/child_process.js:226:5)
15 verbose pkgid onlinevehicleservice@0.0.0
16 verbose cwd C:\Users\gokul\Desktop\New folder\2019-projects\html\CARBIKESHOWROOMMANAGEMENT
17 error Windows_NT 6.1.7601
18 error argv "C:\\Program Files\\nodejs\\node.exe" "C:\\Program Files\\nodejs\\node_modules\\npm\\bin\\npm-cli.js" "start"
19 error node v7.4.0
20 error npm  v4.0.5
21 error code ELIFECYCLE
22 error onlinevehicleservice@0.0.0 start: `node ./bin/www`
22 error Exit status 3221225786
23 error Failed at the onlinevehicleservice@0.0.0 start script 'node ./bin/www'.
23 error Make sure you have the latest version of node.js and npm installed.
23 error If you do, this is most likely a problem with the onlinevehicleservice package,
23 error not with npm itself.
23 error Tell the author that this fails on your system:
23 error     node ./bin/www
23 error You can get information on how to open an issue for this project with:
23 error     npm bugs onlinevehicleservice
23 error Or if that isn't available, you can get their info via:
23 error     npm owner ls onlinevehicleservice
23 error There is likely additional logging output above.
24 verbose exit [ 1, true ]
